Build started 2015-11-05 3:06:54 PM.
     1>Project "Z:\Projects\The-Myth-of-Ganon-A-Twist-in-the-Legend\Source & Headers\PlayLib_2010.vcxproj" on node 2 (build target(s)).
     1>InitializeBuildStatus:
         Touching "Debug\PlayLib_2010.unsuccessfulbuild".
       ClCompile:
         C:\Program Files\Microsoft Visual Studio 10.0\VC\bin\CL.exe /c /I"\\Mac\Home\Projects\The-Myth-of-Ganon-A-Twist-in-the-Legend\Source & Headers\Headers" /I"\\Mac\Home\Projects\The-Myth-of-Ganon-A-Twist-in-the-Legend\Source & Headers\etc" /ZI /nologo /W3 /WX- /Od /Oy- /D WIN32 /D _DEBUG /D _CONSOLE /D _UNICODE /D UNICODE /Gm /EHsc /RTC1 /MDd /GS /fp:precise /Zc:wchar_t /Zc:forScope /Fo"Debug\\" /Fd"Debug\vc100.pdb" /Gd /TP /analyze- /errorReport:prompt Source\LiveSprite.cpp
         LiveSprite.cpp
     1>z:\projects\the-myth-of-ganon-a-twist-in-the-legend\source & headers\source\livesprite.cpp(18): error C2723: 'LiveSprite::move' : 'virtual' storage-class specifier illegal on function definition
     1>z:\projects\the-myth-of-ganon-a-twist-in-the-legend\source & headers\source\livesprite.cpp(23): error C2660: 'LiveSprite::move' : function does not take 2 arguments
     1>z:\projects\the-myth-of-ganon-a-twist-in-the-legend\source & headers\source\livesprite.cpp(24): error C2660: 'LiveSprite::move' : function does not take 2 arguments
     1>z:\projects\the-myth-of-ganon-a-twist-in-the-legend\source & headers\source\livesprite.cpp(25): error C2660: 'LiveSprite::move' : function does not take 2 arguments
     1>z:\projects\the-myth-of-ganon-a-twist-in-the-legend\source & headers\source\livesprite.cpp(26): error C2660: 'LiveSprite::move' : function does not take 2 arguments
     1>Done Building Project "Z:\Projects\The-Myth-of-Ganon-A-Twist-in-the-Legend\Source & Headers\PlayLib_2010.vcxproj" (build target(s)) -- FAILED.

Build FAILED.

Time Elapsed 00:00:00.51
